[15:28] <avidreader13> yone786: do you got any more light for a punk like me? :)
[15:30] <darkone1> yeah, cut me in to, avid!
[15:45] <yone786> avidreader13: alas, it’s the same. I told you, I’ll let you know when more comes in.
[16:12] <avidreader13> yone786: do they have a good name? theres a few here and there.
[16:12] <avidreader13> yone786: you could write to the guy to get his contact/
[16:14] <avidreader13> I’m not sure about that name.
[16:32] <avidreader13> darkone1: this is not a light for me, I’ll get more in a couple of days when I have enough time to look for it
[16:47] <avidreader13> darkone1: I should try again.
[16:48] <avidreader13> darkone1: I’m going to try to find the original of this and send it to you, so you can see who did the painting, and who paid for it
[16:51] <avidreader13> and I will try to get some more work done on it to show you that it is good, so you can also feel a bit of the value
[16:51] <avidreader13> darkone1: thanks for your help
[16:51] <avidreader13> I have been trying to put the thing together.
[16:53] <avidreader13> I am quite happy with those things that I am making.
[17:03] <avidreader13> that is a good thing, to have a good feeling with what you create. I think.
[17:05] <avidreader13> *I feel that I have done a good job with this thing that I am working on
[17:11] <darkone1> a little more coming in here now
[17:12] <darkone1> thanks for the info
[17:13] <avidreader13> Darkone1: if you see more than the ones I have, please tell me. I have quite a few.
[17:19] <avidreader13> darkone1: there are a few more that come now but they are almost like shadows, and I am not sure if I should send them off for you or not.
[17:22] <avidreader13> darkone1: if it is good, please let me know.
[17:36] <avidreader13> darkone1: you can send them yourself.
[17:37] <darkone1> ahhh ok thanks; I will email them
[17:38] <avidreader13> darkone1: thanks!
[17:38] <avidreader13> darkone1: I am still waiting on the last of them. I am going to sleep now.
[17:39] <avidreader13> darkone1: good night!
[17:40] <avidreader13> darkone1: I will check back with you tomorrow.
[17:40] <avidreader13> I need to get some sleep.
[17:46] <avidreader13> darkone1: you are a good friend to have
[17:47] <avidreader13> :D
[17:57] <avidreader13> omg
[18:00] <avidreader13> omg
[18:01] <avidreader13> ugh
[18:01] <avidreader13> what happened
[18:07] <avidreader13> I am lost
[18:13] <avidreader13> I had a feeling that I wasn’t going to survive
[18:13] <avidreader13> lol
[18:13] <avidreader13> I am going to leave now.
[18:18] <avidreader13> thanks for everything!
[18:19] <yone786> lol
